C:\Users\Marco\AppData\Roaming\Python\Python36\site-packages\pykwalify\core.py:99: UnsafeLoaderWarning: 
The default 'Loader' for 'load(stream)' without further arguments can be unsafe.
Use 'load(stream, Loader=ruamel.yaml.Loader)' explicitly if that is OK.
Alternatively include the following in your code:

  import warnings
  warnings.simplefilter('ignore', ruamel.yaml.error.UnsafeLoaderWarning)

In most other cases you should consider using 'safe_load(stream)'
  data = yaml.load(stream)

C:\Program Files\Python36\lib\importlib\_bootstrap.py:205: RuntimeWarning: numpy.dtype size changed, may indicate binary incompatibility. Expected 96, got 88
  return f(*args, **kwds)

C:\Program Files\Python36\lib\importlib\_bootstrap.py:205: RuntimeWarning: numpy.ufunc size changed, may indicate binary incompatibility. Expected 192, got 176
  return f(*args, **kwds)

C:\Users\Marco\AppData\Roaming\Python\Python36\site-packages\pykwalify\core.py:99: UnsafeLoaderWarning: 
The default 'Loader' for 'load(stream)' without further arguments can be unsafe.
Use 'load(stream, Loader=ruamel.yaml.Loader)' explicitly if that is OK.
Alternatively include the following in your code:

  import warnings
  warnings.simplefilter('ignore', ruamel.yaml.error.UnsafeLoaderWarning)

In most other cases you should consider using 'safe_load(stream)'
  data = yaml.load(stream)

C:\Program Files\Python36\lib\importlib\_bootstrap.py:205: RuntimeWarning: numpy.dtype size changed, may indicate binary incompatibility. Expected 96, got 88
  return f(*args, **kwds)

C:\Program Files\Python36\lib\importlib\_bootstrap.py:205: RuntimeWarning: numpy.ufunc size changed, may indicate binary incompatibility. Expected 192, got 176
  return f(*args, **kwds)

C:\Users\Marco\AppData\Roaming\Python\Python36\site-packages\pykwalify\core.py:99: UnsafeLoaderWarning: 
The default 'Loader' for 'load(stream)' without further arguments can be unsafe.
Use 'load(stream, Loader=ruamel.yaml.Loader)' explicitly if that is OK.
Alternatively include the following in your code:

  import warnings
  warnings.simplefilter('ignore', ruamel.yaml.error.UnsafeLoaderWarning)

In most other cases you should consider using 'safe_load(stream)'
  data = yaml.load(stream)

C:\Program Files\Python36\lib\importlib\_bootstrap.py:205: RuntimeWarning: numpy.dtype size changed, may indicate binary incompatibility. Expected 96, got 88
  return f(*args, **kwds)

C:\Program Files\Python36\lib\importlib\_bootstrap.py:205: RuntimeWarning: numpy.ufunc size changed, may indicate binary incompatibility. Expected 192, got 176
  return f(*args, **kwds)

C:\Users\Marco\AppData\Roaming\Python\Python36\site-packages\pykwalify\core.py:99: UnsafeLoaderWarning: 
The default 'Loader' for 'load(stream)' without further arguments can be unsafe.
Use 'load(stream, Loader=ruamel.yaml.Loader)' explicitly if that is OK.
Alternatively include the following in your code:

  import warnings
  warnings.simplefilter('ignore', ruamel.yaml.error.UnsafeLoaderWarning)

In most other cases you should consider using 'safe_load(stream)'
  data = yaml.load(stream)

C:\Program Files\Python36\lib\importlib\_bootstrap.py:205: RuntimeWarning: numpy.dtype size changed, may indicate binary incompatibility. Expected 96, got 88
  return f(*args, **kwds)

C:\Program Files\Python36\lib\importlib\_bootstrap.py:205: RuntimeWarning: numpy.ufunc size changed, may indicate binary incompatibility. Expected 192, got 176
  return f(*args, **kwds)

C:\Users\Marco\AppData\Roaming\Python\Python36\site-packages\pykwalify\core.py:99: UnsafeLoaderWarning: 
The default 'Loader' for 'load(stream)' without further arguments can be unsafe.
Use 'load(stream, Loader=ruamel.yaml.Loader)' explicitly if that is OK.
Alternatively include the following in your code:

  import warnings
  warnings.simplefilter('ignore', ruamel.yaml.error.UnsafeLoaderWarning)

In most other cases you should consider using 'safe_load(stream)'
  data = yaml.load(stream)

C:\Program Files\Python36\lib\importlib\_bootstrap.py:205: RuntimeWarning: numpy.dtype size changed, may indicate binary incompatibility. Expected 96, got 88
  return f(*args, **kwds)

C:\Program Files\Python36\lib\importlib\_bootstrap.py:205: RuntimeWarning: numpy.ufunc size changed, may indicate binary incompatibility. Expected 192, got 176
  return f(*args, **kwds)

C:\Users\Marco\AppData\Roaming\Python\Python36\site-packages\pykwalify\core.py:99: UnsafeLoaderWarning: 
The default 'Loader' for 'load(stream)' without further arguments can be unsafe.
Use 'load(stream, Loader=ruamel.yaml.Loader)' explicitly if that is OK.
Alternatively include the following in your code:

  import warnings
  warnings.simplefilter('ignore', ruamel.yaml.error.UnsafeLoaderWarning)

In most other cases you should consider using 'safe_load(stream)'
  data = yaml.load(stream)

C:\Program Files\Python36\lib\importlib\_bootstrap.py:205: RuntimeWarning: numpy.dtype size changed, may indicate binary incompatibility. Expected 96, got 88
  return f(*args, **kwds)

C:\Program Files\Python36\lib\importlib\_bootstrap.py:205: RuntimeWarning: numpy.ufunc size changed, may indicate binary incompatibility. Expected 192, got 176
  return f(*args, **kwds)

C:\Users\Marco\AppData\Roaming\Python\Python36\site-packages\pykwalify\core.py:99: UnsafeLoaderWarning: 
The default 'Loader' for 'load(stream)' without further arguments can be unsafe.
Use 'load(stream, Loader=ruamel.yaml.Loader)' explicitly if that is OK.
Alternatively include the following in your code:

  import warnings
  warnings.simplefilter('ignore', ruamel.yaml.error.UnsafeLoaderWarning)

In most other cases you should consider using 'safe_load(stream)'
  data = yaml.load(stream)

/Users/mma/Library/Python/2.7/lib/python/site-packages/pykwalify/core.py:99: UnsafeLoaderWarning: 
The default 'Loader' for 'load(stream)' without further arguments can be unsafe.
Use 'load(stream, Loader=ruamel.yaml.Loader)' explicitly if that is OK.
Alternatively include the following in your code:

  import warnings
  warnings.simplefilter('ignore', ruamel.yaml.error.UnsafeLoaderWarning)

In most other cases you should consider using 'safe_load(stream)'
  data = yaml.load(stream)

Rasa process starting
Rasa process starting
Rasa process starting
Rasa process starting
Restoring parameters from models/current/nlu\intent_classifier_tensorflow_embedding.ckpt
C:\Users\Marco\AppData\Roaming\Python\Python36\site-packages\pykwalify\core.py:99: UnsafeLoaderWarning: 
The default 'Loader' for 'load(stream)' without further arguments can be unsafe.
Use 'load(stream, Loader=ruamel.yaml.Loader)' explicitly if that is OK.
Alternatively include the following in your code:

  import warnings
  warnings.simplefilter('ignore', ruamel.yaml.error.UnsafeLoaderWarning)

In most other cases you should consider using 'safe_load(stream)'
  data = yaml.load(stream)

Rasa Core server is up and running on http://localhost:5005
Rasa process starting
Restoring parameters from models/current/nlu/intent_classifier_tensorflow_embedding.ckpt
/Library/Frameworks/Python.framework/Versions/3.6/lib/python3.6/site-packages/pykwalify/core.py:99: UnsafeLoaderWarning: 
The default 'Loader' for 'load(stream)' without further arguments can be unsafe.
Use 'load(stream, Loader=ruamel.yaml.Loader)' explicitly if that is OK.
Alternatively include the following in your code:

  import warnings
  warnings.simplefilter('ignore', ruamel.yaml.error.UnsafeLoaderWarning)

In most other cases you should consider using 'safe_load(stream)'
  data = yaml.load(stream)

Rasa Core server is up and running on http://localhost:5005
Rasa process starting
Rasa process starting
Restoring parameters from models/nlu/default/current/intent_classifier_tensorflow_embedding.ckpt
C:\Users\Marco\AppData\Roaming\Python\Python36\site-packages\pykwalify\core.py:99: UnsafeLoaderWarning: 
The default 'Loader' for 'load(stream)' without further arguments can be unsafe.
Use 'load(stream, Loader=ruamel.yaml.Loader)' explicitly if that is OK.
Alternatively include the following in your code:

  import warnings
  warnings.simplefilter('ignore', ruamel.yaml.error.UnsafeLoaderWarning)

In most other cases you should consider using 'safe_load(stream)'
  data = yaml.load(stream)

Rasa Core server is up and running on http://localhost:5005
Rasa process starting
Restoring parameters from models/nlu/default/current/intent_classifier_tensorflow_embedding.ckpt
C:\Users\Marco\AppData\Roaming\Python\Python36\site-packages\pykwalify\core.py:99: UnsafeLoaderWarning: 
The default 'Loader' for 'load(stream)' without further arguments can be unsafe.
Use 'load(stream, Loader=ruamel.yaml.Loader)' explicitly if that is OK.
Alternatively include the following in your code:

  import warnings
  warnings.simplefilter('ignore', ruamel.yaml.error.UnsafeLoaderWarning)

In most other cases you should consider using 'safe_load(stream)'
  data = yaml.load(stream)

Rasa Core server is up and running on http://localhost:5005
Failed to run custom action 'action_find_job'. Action server responded with a non 200 status code of 500. Make sure your action server properly runs actions and returns a 200 once the action is executed. Error: 500 Server Error: INTERNAL SERVER ERROR for url: http://localhost:5055/webhook
Encountered an exception while running action 'action_find_job'. Bot will continue, but the actions events are lost. Make sure to fix the exception in your custom code.
Failed to execute custom action.
Traceback (most recent call last):
  File "C:\Users\Marco\AppData\Roaming\Python\Python36\site-packages\rasa_core\actions\action.py", line 312, in run
    response.raise_for_status()
  File "C:\Users\Marco\AppData\Roaming\Python\Python36\site-packages\requests\models.py", line 940, in raise_for_status
    raise HTTPError(http_error_msg, response=self)
requests.exceptions.HTTPError: 500 Server Error: INTERNAL SERVER ERROR for url: http://localhost:5055/webhook

During handling of the above exception, another exception occurred:

Traceback (most recent call last):
  File "C:\Users\Marco\AppData\Roaming\Python\Python36\site-packages\rasa_core\processor.py", line 338, in _run_action
    events = action.run(dispatcher, tracker, self.domain)
  File "C:\Users\Marco\AppData\Roaming\Python\Python36\site-packages\rasa_core\actions\action.py", line 333, in run
    raise Exception("Failed to execute custom action.")
Exception: Failed to execute custom action.
Rasa process starting
Rasa process starting
C:\Users\Marco\AppData\Roaming\Python\Python36\site-packages\pykwalify\core.py:99: UnsafeLoaderWarning: 
The default 'Loader' for 'load(stream)' without further arguments can be unsafe.
Use 'load(stream, Loader=ruamel.yaml.Loader)' explicitly if that is OK.
Alternatively include the following in your code:

  import warnings
  warnings.simplefilter('ignore', ruamel.yaml.error.UnsafeLoaderWarning)

In most other cases you should consider using 'safe_load(stream)'
  data = yaml.load(stream)

Rasa Core server is up and running on http://localhost:5005
Failed to parse text 'Ich suche eine Stelle als Entwickler' using rasa NLU over http. Error: HTTPConnectionPool(host='rasa_nlu', port=5000): Max retries exceeded with url: /parse?model=&project=models%2Fnlu%2Fcurrent&q=Ich+suche+eine+Stelle+als+Entwickler (Caused by NewConnectionError('<urllib3.connection.HTTPConnection object at 0x00000249F1397BA8>: Failed to establish a new connection: [Errno 11001] getaddrinfo failed',))
Rasa process starting
C:\Users\Marco\AppData\Roaming\Python\Python36\site-packages\pykwalify\core.py:99: UnsafeLoaderWarning: 
The default 'Loader' for 'load(stream)' without further arguments can be unsafe.
Use 'load(stream, Loader=ruamel.yaml.Loader)' explicitly if that is OK.
Alternatively include the following in your code:

  import warnings
  warnings.simplefilter('ignore', ruamel.yaml.error.UnsafeLoaderWarning)

In most other cases you should consider using 'safe_load(stream)'
  data = yaml.load(stream)

Rasa Core server is up and running on http://localhost:5005
Rasa process starting
C:\Users\Marco\AppData\Roaming\Python\Python36\site-packages\pykwalify\core.py:99: UnsafeLoaderWarning: 
The default 'Loader' for 'load(stream)' without further arguments can be unsafe.
Use 'load(stream, Loader=ruamel.yaml.Loader)' explicitly if that is OK.
Alternatively include the following in your code:

  import warnings
  warnings.simplefilter('ignore', ruamel.yaml.error.UnsafeLoaderWarning)

In most other cases you should consider using 'safe_load(stream)'
  data = yaml.load(stream)

Rasa Core server is up and running on http://localhost:5005
Failed to parse text 'Ich suche eine Stelle als Entwickler' using rasa NLU over http. Error: HTTPConnectionPool(host='rasa_nlu', port=5000): Max retries exceeded with url: /parse?model=&project=models%2Fnlu%2Fcurrent&q=Ich+suche+eine+Stelle+als+Entwickler (Caused by NewConnectionError('<urllib3.connection.HTTPConnection object at 0x000001F854117BA8>: Failed to establish a new connection: [Errno 11001] getaddrinfo failed',))
Failed to parse text 'Ich suche eine Stelle als Entwickler' using rasa NLU over http. Error: HTTPConnectionPool(host='rasa_nlu', port=5000): Max retries exceeded with url: /parse?model=&project=models%2Fnlu%2Fcurrent&q=Ich+suche+eine+Stelle+als+Entwickler (Caused by NewConnectionError('<urllib3.connection.HTTPConnection object at 0x000001F85413B860>: Failed to establish a new connection: [Errno 11001] getaddrinfo failed',))
Rasa process starting
C:\Users\Marco\AppData\Roaming\Python\Python36\site-packages\pykwalify\core.py:99: UnsafeLoaderWarning: 
The default 'Loader' for 'load(stream)' without further arguments can be unsafe.
Use 'load(stream, Loader=ruamel.yaml.Loader)' explicitly if that is OK.
Alternatively include the following in your code:

  import warnings
  warnings.simplefilter('ignore', ruamel.yaml.error.UnsafeLoaderWarning)

In most other cases you should consider using 'safe_load(stream)'
  data = yaml.load(stream)

Rasa Core server is up and running on http://localhost:5005
Failed to parse text 'Ich suche eine Stelle als Entwickler' using rasa NLU over http. Error: HTTPConnectionPool(host='rasa_nlu', port=5000): Max retries exceeded with url: /parse?model=&project=models%2Fnlu%2Fcurrent&q=Ich+suche+eine+Stelle+als+Entwickler (Caused by NewConnectionError('<urllib3.connection.HTTPConnection object at 0x00000277104C7BA8>: Failed to establish a new connection: [Errno 11001] getaddrinfo failed',))
